{
  "RSpec": {
    "coverage": {
      "/Users/catherinedean/Turing/mod_2/independent_challenges/b2-final-2010/spec/features/competitions/show_spec.rb": {
        "lines": [
          1,
          null,
          1,
          1,
          3,
          3,
          null,
          3,
          3,
          3,
          null,
          3,
          3,
          3,
          3,
          3,
          3,
          null,
          3,
          null,
          null,
          1,
          1,
          1,
          1,
          null,
          1,
          1,
          1,
          null,
          null,
          1,
          1,
          1,
          null,
          1,
          1,
          null,
          1,
          1,
          null,
          null,
          1,
          1,
          null,
          null,
          null
        ]
      },
      "/Users/catherinedean/Turing/mod_2/independent_challenges/b2-final-2010/app/models/competition.rb": {
        "lines": [
          1,
          1,
          1,
          null,
          1,
          5,
          null,
          null
        ]
      },
      "/Users/catherinedean/Turing/mod_2/independent_challenges/b2-final-2010/app/models/application_record.rb": {
        "lines": [
          1,
          1,
          null
        ]
      },
      "/Users/catherinedean/Turing/mod_2/independent_challenges/b2-final-2010/app/controllers/competitions_controller.rb": {
        "lines": [
          1,
          1,
          2,
          null,
          null,
          1,
          4,
          4,
          null,
          null
        ]
      },
      "/Users/catherinedean/Turing/mod_2/independent_challenges/b2-final-2010/app/controllers/application_controller.rb": {
        "lines": [
          1,
          null
        ]
      },
      "/Users/catherinedean/Turing/mod_2/independent_challenges/b2-final-2010/app/models/competitions_team.rb": {
        "lines": [
          1,
          1,
          1,
          null,
          null
        ]
      },
      "/Users/catherinedean/Turing/mod_2/independent_challenges/b2-final-2010/app/models/team.rb": {
        "lines": [
          1,
          1,
          1,
          1,
          null,
          null
        ]
      },
      "/Users/catherinedean/Turing/mod_2/independent_challenges/b2-final-2010/app/models/player.rb": {
        "lines": [
          1,
          1,
          null
        ]
      }
    },
    "timestamp": 1611075316
  }
}
